<?xml version="1.0" encoding="UTF-8"?>
<testsuite name="com.todo.list.service.TaskServiceTest" tests="6" skipped="0" failures="0" errors="0" timestamp="2025-08-27T15:11:47.973Z" hostname="fedora" time="0.63">
  <properties/>
  <testcase name="addTask_addCorrectTask()" classname="com.todo.list.service.TaskServiceTest" time="0.589"/>
  <testcase name="editTask_InvalidStatusIgnored()" classname="com.todo.list.service.TaskServiceTest" time="0.009"/>
  <testcase name="deleteTask_TaskNotFound_DoesNothing()" classname="com.todo.list.service.TaskServiceTest" time="0.005"/>
  <testcase name="deleteTask_removeTask()" classname="com.todo.list.service.TaskServiceTest" time="0.005"/>
  <testcase name="editTask_updateTaskAll()" classname="com.todo.list.service.TaskServiceTest" time="0.005"/>
  <testcase name="filterAndSortTasks()" classname="com.todo.list.service.TaskServiceTest" time="0.008"/>
  <system-out><![CDATA[Нераспознанный статус + INVALID_STATUS
Задача изменнена
Задача не найдена
Задача удалена
Задача изменнена
]]></system-out>
  <system-err><![CDATA[WARNING: A Java agent has been loaded dynamically (/home/cawa/.gradle/caches/modules-2/files-2.1/net.bytebuddy/byte-buddy-agent/1.14.5/20f4e9b9d0ffb953657bfa4b92c0cceb27907d58/byte-buddy-agent-1.14.5.jar)
WARNING: If a serviceability tool is in use, please run with -XX:+EnableDynamicAgentLoading to hide this warning
WARNING: If a serviceability tool is not in use, please run with -Djdk.instrument.traceUsage for more information
WARNING: Dynamic loading of agents will be disallowed by default in a future release
]]></system-err>
</testsuite>
